Analysis & Synthesis report for memoria
Fri Jan 21 14:50:05 2022
Quartus Prime Version 18.0.0 Build 614 04/24/2018 SJ Lite Edition


---------------------
; Table of Contents ;
---------------------
  1. Legal Notice
  2. Analysis & Synthesis Summary
  3. Analysis & Synthesis Settings
  4. Parallel Compilation
  5. Analysis & Synthesis Source Files Read
  6. Analysis & Synthesis Resource Usage Summary
  7. Analysis & Synthesis Resource Utilization by Entity
  8. Analysis & Synthesis RAM Summary
  9. Registers Removed During Synthesis
 10. General Register Statistics
 11. Registers Packed Into Inferred Megafunctions
 12. Multiplexer Restructuring Statistics (Restructuring Performed)
 13. Source assignments for rw_96x8_sync:ram|altsyncram:RW_rtl_0|altsyncram_m0q1:auto_generated
 14. Parameter Settings for Inferred Entity Instance: rw_96x8_sync:ram|altsyncram:RW_rtl_0
 15. altsyncram Parameter Settings by Entity Instance
 16. Post-Synthesis Netlist Statistics for Top Partition
 17. Elapsed Time Per Partition
 18. Analysis & Synthesis Messages



----------------
; Legal Notice ;
----------------
Copyright (C) 2018  Intel Corporation. All rights reserved.
Your use of Intel Corporation's design tools, logic functions 
and other software and tools, and its AMPP partner logic 
functions, and any output files from any of the foregoing 
(including device programming or simulation files), and any 
associated documentation or information are expressly subject 
to the terms and conditions of the Intel Program License 
Subscription Agreement, the Intel Quartus Prime License Agreement,
the Intel FPGA IP License Agreement, or other applicable license
agreement, including, without limitation, that your use is for
the sole purpose of programming logic devices manufactured by
Intel and sold by Intel or its authorized distributors.  Please
refer to the applicable agreement for further details.



+-------------------------------------------------------------------------------+
; Analysis & Synthesis Summary                                                  ;
+---------------------------------+---------------------------------------------+
; Analysis & Synthesis Status     ; Successful - Fri Jan 21 14:50:04 2022       ;
; Quartus Prime Version           ; 18.0.0 Build 614 04/24/2018 SJ Lite Edition ;
; Revision Name                   ; memoria                                     ;
; Top-level Entity Name           ; memoria                                     ;
; Family                          ; Cyclone V                                   ;
; Logic utilization (in ALMs)     ; N/A                                         ;
; Total registers                 ; 135                                         ;
; Total pins                      ; 283                                         ;
; Total virtual pins              ; 0                                           ;
; Total block memory bits         ; 2,048                                       ;
; Total DSP Blocks                ; 0                                           ;
; Total HSSI RX PCSs              ; 0                                           ;
; Total HSSI PMA RX Deserializers ; 0                                           ;
; Total HSSI TX PCSs              ; 0                                           ;
; Total HSSI PMA TX Serializers   ; 0                                           ;
; Total PLLs                      ; 0                                           ;
; Total DLLs                      ; 0                                           ;
+---------------------------------+---------------------------------------------+


+---------------------------------------------------------------------------------------------------------------------------+
; Analysis & Synthesis Settings                                                                                             ;
+---------------------------------------------------------------------------------+--------------------+--------------------+
; Option                                                                          ; Setting            ; Default Value      ;
+---------------------------------------------------------------------------------+--------------------+--------------------+
; Device                                                                          ; 5CGXFC9E6F35I7     ;                    ;
; Top-level entity name                                                           ; memoria            ; memoria            ;
; Family name                                                                     ; Cyclone V          ; Cyclone V          ;
; Use smart compilation                                                           ; Off                ; Off                ;
; Enable parallel Assembler and Timing Analyzer during compilation                ; On                 ; On                 ;
; Enable compact report table                                                     ; Off                ; Off                ;
; Restructure Multiplexers                                                        ; Auto               ; Auto               ;
; MLAB Add Timing Constraints For Mixed-Port Feed-Through Mode Setting Don't Care ; Off                ; Off                ;
; Create Debugging Nodes for IP Cores                                             ; Off                ; Off                ;
; Preserve fewer node names                                                       ; On                 ; On                 ;
; Intel FPGA IP Evaluation Mode                                                   ; Enable             ; Enable             ;
; Verilog Version                                                                 ; Verilog_2001       ; Verilog_2001       ;
; VHDL Version                                                                    ; VHDL_1993          ; VHDL_1993          ;
; State Machine Processing                                                        ; Auto               ; Auto               ;
; Safe State Machine                                                              ; Off                ; Off                ;
; Extract Verilog State Machines                                                  ; On                 ; On                 ;
; Extract VHDL State Machines                                                     ; On                 ; On                 ;
; Ignore Verilog initial constructs                                               ; Off                ; Off                ;
; Iteration limit for constant Verilog loops                                      ; 5000               ; 5000               ;
; Iteration limit for non-constant Verilog loops                                  ; 250                ; 250                ;
; Add Pass-Through Logic to Inferred RAMs                                         ; On                 ; On                 ;
; Infer RAMs from Raw Logic                                                       ; On                 ; On                 ;
; Parallel Synthesis                                                              ; On                 ; On                 ;
; DSP Block Balancing                                                             ; Auto               ; Auto               ;
; NOT Gate Push-Back                                                              ; On                 ; On                 ;
; Power-Up Don't Care                                                             ; On                 ; On                 ;
; Remove Redundant Logic Cells                                                    ; Off                ; Off                ;
; Remove Duplicate Registers                                                      ; On                 ; On                 ;
; Ignore CARRY Buffers                                                            ; Off                ; Off                ;
; Ignore CASCADE Buffers                                                          ; Off                ; Off                ;
; Ignore GLOBAL Buffers                                                           ; Off                ; Off                ;
; Ignore ROW GLOBAL Buffers                                                       ; Off                ; Off                ;
; Ignore LCELL Buffers                                                            ; Off                ; Off                ;
; Ignore SOFT Buffers                                                             ; On                 ; On                 ;
; Limit AHDL Integers to 32 Bits                                                  ; Off                ; Off                ;
; Optimization Technique                                                          ; Balanced           ; Balanced           ;
; Carry Chain Length                                                              ; 70                 ; 70                 ;
; Auto Carry Chains                                                               ; On                 ; On                 ;
; Auto Open-Drain Pins                                                            ; On                 ; On                 ;
; Perform WYSIWYG Primitive Resynthesis                                           ; Off                ; Off                ;
; Auto ROM Replacement                                                            ; On                 ; On                 ;
; Auto RAM Replacement                                                            ; On                 ; On                 ;
; Auto DSP Block Replacement                                                      ; On                 ; On                 ;
; Auto Shift Register Replacement                                                 ; Auto               ; Auto               ;
; Allow Shift Register Merging across Hierarchies                                 ; Auto               ; Auto               ;
; Auto Clock Enable Replacement                                                   ; On                 ; On                 ;
; Strict RAM Replacement                                                          ; Off                ; Off                ;
; Allow Synchronous Control Signals                                               ; On                 ; On                 ;
; Force Use of Synchronous Clear Signals                                          ; Off                ; Off                ;
; Auto Resource Sharing                                                           ; Off                ; Off                ;
; Allow Any RAM Size For Recognition                                              ; Off                ; Off                ;
; Allow Any ROM Size For Recognition                                              ; Off                ; Off                ;
; Allow Any Shift Register Size For Recognition                                   ; Off                ; Off                ;
; Use LogicLock Constraints during Resource Balancing                             ; On                 ; On                 ;
; Ignore translate_off and synthesis_off directives                               ; Off                ; Off                ;
; Timing-Driven Synthesis                                                         ; On                 ; On                 ;
; Report Parameter Settings                                                       ; On                 ; On                 ;
; Report Source Assignments                                                       ; On                 ; On                 ;
; Report Connectivity Checks                                                      ; On                 ; On                 ;
; Ignore Maximum Fan-Out Assignments                                              ; Off                ; Off                ;
; Synchronization Register Chain Length                                           ; 3                  ; 3                  ;
; Power Optimization During Synthesis                                             ; Normal compilation ; Normal compilation ;
; HDL message level                                                               ; Level2             ; Level2             ;
; Suppress Register Optimization Related Messages                                 ; Off                ; Off                ;
; Number of Removed Registers Reported in Synthesis Report                        ; 5000               ; 5000               ;
; Number of Swept Nodes Reported in Synthesis Report                              ; 5000               ; 5000               ;
; Number of Inverted Registers Reported in Synthesis Report                       ; 100                ; 100                ;
; Clock MUX Protection                                                            ; On                 ; On                 ;
; Auto Gated Clock Conversion                                                     ; Off                ; Off                ;
; Block Design Naming                                                             ; Auto               ; Auto               ;
; SDC constraint protection                                                       ; Off                ; Off                ;
; Synthesis Effort                                                                ; Auto               ; Auto               ;
; Shift Register Replacement - Allow Asynchronous Clear Signal                    ; On                 ; On                 ;
; Pre-Mapping Resynthesis Optimization                                            ; Off                ; Off                ;
; Analysis & Synthesis Message Level                                              ; Medium             ; Medium             ;
; Disable Register Merging Across Hierarchies                                     ; Auto               ; Auto               ;
; Resource Aware Inference For Block RAM                                          ; On                 ; On                 ;
; Automatic Parallel Synthesis                                                    ; On                 ; On                 ;
; Partial Reconfiguration Bitstream ID                                            ; Off                ; Off                ;
+---------------------------------------------------------------------------------+--------------------+--------------------+


+------------------------------------------+
; Parallel Compilation                     ;
+----------------------------+-------------+
; Processors                 ; Number      ;
+----------------------------+-------------+
; Number detected on machine ; 4           ;
; Maximum allowed            ; 2           ;
;                            ;             ;
; Average used               ; 1.00        ;
; Maximum used               ; 1           ;
;                            ;             ;
; Usage by Processor         ; % Time Used ;
;     Processor 1            ; 100.0%      ;
+----------------------------+-------------+


+----------------------------------------------------------------------------------------------------------------------------------------------------------------------------------------------------------------+
; Analysis & Synthesis Source Files Read                                                                                                                                                                         ;
+----------------------------------------+-----------------+------------------------------+------------------------------------------------------------------------------------------------------------+---------+
; File Name with User-Entered Path       ; Used in Netlist ; File Type                    ; File Name with Absolute Path                                                                               ; Library ;
+----------------------------------------+-----------------+------------------------------+------------------------------------------------------------------------------------------------------------+---------+
; ../EjercicioROM9dic/rom_128x8_sync.vhd ; yes             ; User VHDL File               ; E:/UNICAUCA/VI Semestre/Digitales 2/Quartus_Proyects/Primer Parcial/EjercicioROM9dic/rom_128x8_sync.vhd    ;         ;
; ../EjercicioRAM9dic/rw_96x8_sync.vhd   ; yes             ; User VHDL File               ; E:/UNICAUCA/VI Semestre/Digitales 2/Quartus_Proyects/Primer Parcial/EjercicioRAM9dic/rw_96x8_sync.vhd      ;         ;
; ../Entradas/Entradas.vhd               ; yes             ; User VHDL File               ; E:/UNICAUCA/VI Semestre/Digitales 2/Quartus_Proyects/Primer Parcial/Entradas/Entradas.vhd                  ;         ;
; memoria.vhd                            ; yes             ; User VHDL File               ; E:/UNICAUCA/VI Semestre/Digitales 2/Quartus_Proyects/Primer Parcial/MemoriaCompleta/memoria.vhd            ;         ;
; altsyncram.tdf                         ; yes             ; Megafunction                 ; c:/intelfpga_lite/18.0/quartus/libraries/megafunctions/altsyncram.tdf                                      ;         ;
; stratix_ram_block.inc                  ; yes             ; Megafunction                 ; c:/intelfpga_lite/18.0/quartus/libraries/megafunctions/stratix_ram_block.inc                               ;         ;
; lpm_mux.inc                            ; yes             ; Megafunction                 ; c:/intelfpga_lite/18.0/quartus/libraries/megafunctions/lpm_mux.inc                                         ;         ;
; lpm_decode.inc                         ; yes             ; Megafunction                 ; c:/intelfpga_lite/18.0/quartus/libraries/megafunctions/lpm_decode.inc                                      ;         ;
; aglobal180.inc                         ; yes             ; Megafunction                 ; c:/intelfpga_lite/18.0/quartus/libraries/megafunctions/aglobal180.inc                                      ;         ;
; a_rdenreg.inc                          ; yes             ; Megafunction                 ; c:/intelfpga_lite/18.0/quartus/libraries/megafunctions/a_rdenreg.inc                                       ;         ;
; altrom.inc                             ; yes             ; Megafunction                 ; c:/intelfpga_lite/18.0/quartus/libraries/megafunctions/altrom.inc                                          ;         ;
; altram.inc                             ; yes             ; Megafunction                 ; c:/intelfpga_lite/18.0/quartus/libraries/megafunctions/altram.inc                                          ;         ;
; altdpram.inc                           ; yes             ; Megafunction                 ; c:/intelfpga_lite/18.0/quartus/libraries/megafunctions/altdpram.inc                                        ;         ;
; db/altsyncram_m0q1.tdf                 ; yes             ; Auto-Generated Megafunction  ; E:/UNICAUCA/VI Semestre/Digitales 2/Quartus_Proyects/Primer Parcial/MemoriaCompleta/db/altsyncram_m0q1.tdf ;         ;
+----------------------------------------+-----------------+------------------------------+------------------------------------------------------------------------------------------------------------+---------+


+-----------------------------------------------------------+
; Analysis & Synthesis Resource Usage Summary               ;
+---------------------------------------------+-------------+
; Resource                                    ; Usage       ;
+---------------------------------------------+-------------+
; Estimate of Logic utilization (ALMs needed) ; 108         ;
;                                             ;             ;
; Combinational ALUT usage for logic          ; 109         ;
;     -- 7 input functions                    ; 0           ;
;     -- 6 input functions                    ; 47          ;
;     -- 5 input functions                    ; 24          ;
;     -- 4 input functions                    ; 27          ;
;     -- <=3 input functions                  ; 11          ;
;                                             ;             ;
; Dedicated logic registers                   ; 135         ;
;                                             ;             ;
; I/O pins                                    ; 283         ;
; Total MLAB memory bits                      ; 0           ;
; Total block memory bits                     ; 2048        ;
;                                             ;             ;
; Total DSP Blocks                            ; 0           ;
;                                             ;             ;
; Maximum fan-out node                        ; clock~input ;
; Maximum fan-out                             ; 143         ;
; Total fan-out                               ; 1586        ;
; Average fan-out                             ; 1.94        ;
+---------------------------------------------+-------------+


+--------------------------------------------------------------------------------------------------------------------------------------------------------------------------------------------------------------------------------------------------------------------+
; Analysis & Synthesis Resource Utilization by Entity                                                                                                                                                                                                                ;
+-------------------------------------------+---------------------+---------------------------+-------------------+------------+------+--------------+------------------------------------------------------------------------------+-----------------+--------------+
; Compilation Hierarchy Node                ; Combinational ALUTs ; Dedicated Logic Registers ; Block Memory Bits ; DSP Blocks ; Pins ; Virtual Pins ; Full Hierarchy Name                                                          ; Entity Name     ; Library Name ;
+-------------------------------------------+---------------------+---------------------------+-------------------+------------+------+--------------+------------------------------------------------------------------------------+-----------------+--------------+
; |memoria                                  ; 109 (80)            ; 135 (0)                   ; 2048              ; 0          ; 283  ; 0            ; |memoria                                                                     ; memoria         ; work         ;
;    |Entradas:ports_out|                   ; 17 (17)             ; 128 (128)                 ; 0                 ; 0          ; 0    ; 0            ; |memoria|Entradas:ports_out                                                  ; Entradas        ; work         ;
;    |rom_128x8_sync:rom|                   ; 9 (9)               ; 7 (7)                     ; 0                 ; 0          ; 0    ; 0            ; |memoria|rom_128x8_sync:rom                                                  ; rom_128x8_sync  ; work         ;
;    |rw_96x8_sync:ram|                     ; 3 (3)               ; 0 (0)                     ; 2048              ; 0          ; 0    ; 0            ; |memoria|rw_96x8_sync:ram                                                    ; rw_96x8_sync    ; work         ;
;       |altsyncram:RW_rtl_0|               ; 0 (0)               ; 0 (0)                     ; 2048              ; 0          ; 0    ; 0            ; |memoria|rw_96x8_sync:ram|altsyncram:RW_rtl_0                                ; altsyncram      ; work         ;
;          |altsyncram_m0q1:auto_generated| ; 0 (0)               ; 0 (0)                     ; 2048              ; 0          ; 0    ; 0            ; |memoria|rw_96x8_sync:ram|altsyncram:RW_rtl_0|altsyncram_m0q1:auto_generated ; altsyncram_m0q1 ; work         ;
+-------------------------------------------+---------------------+---------------------------+-------------------+------------+------+--------------+------------------------------------------------------------------------------+-----------------+--------------+
Note: For table entries with two numbers listed, the numbers in parentheses indicate the number of resources of the given type used by the specific entity alone. The numbers listed outside of parentheses indicate the total resources of the given type used by the specific entity and all of its sub-entities in the hierarchy.


+------------------------------------------------------------------------------------------------------------------------------------------------------------------------------------+
; Analysis & Synthesis RAM Summary                                                                                                                                                   ;
+--------------------------------------------------------------------------------+------+------------------+--------------+--------------+--------------+--------------+------+------+
; Name                                                                           ; Type ; Mode             ; Port A Depth ; Port A Width ; Port B Depth ; Port B Width ; Size ; MIF  ;
+--------------------------------------------------------------------------------+------+------------------+--------------+--------------+--------------+--------------+------+------+
; rw_96x8_sync:ram|altsyncram:RW_rtl_0|altsyncram_m0q1:auto_generated|ALTSYNCRAM ; AUTO ; Simple Dual Port ; 256          ; 8            ; 256          ; 8            ; 2048 ; None ;
+--------------------------------------------------------------------------------+------+------------------+--------------+--------------+--------------+--------------+------+------+


+--------------------------------------------------------------------------------+
; Registers Removed During Synthesis                                             ;
+---------------------------------------+----------------------------------------+
; Register name                         ; Reason for Removal                     ;
+---------------------------------------+----------------------------------------+
; rom_128x8_sync:rom|data_out[0]        ; Stuck at GND due to stuck port data_in ;
; Total Number of Removed Registers = 1 ;                                        ;
+---------------------------------------+----------------------------------------+


+------------------------------------------------------+
; General Register Statistics                          ;
+----------------------------------------------+-------+
; Statistic                                    ; Value ;
+----------------------------------------------+-------+
; Total registers                              ; 135   ;
; Number of registers using Synchronous Clear  ; 0     ;
; Number of registers using Synchronous Load   ; 0     ;
; Number of registers using Asynchronous Clear ; 128   ;
; Number of registers using Asynchronous Load  ; 0     ;
; Number of registers using Clock Enable       ; 135   ;
; Number of registers using Preset             ; 0     ;
+----------------------------------------------+-------+


+--------------------------------------------------------------------+
; Registers Packed Into Inferred Megafunctions                       ;
+---------------------------------+---------------------------+------+
; Register Name                   ; Megafunction              ; Type ;
+---------------------------------+---------------------------+------+
; rw_96x8_sync:ram|data_out[0..7] ; rw_96x8_sync:ram|RW_rtl_0 ; RAM  ;
+---------------------------------+---------------------------+------+


+------------------------------------------------------------------------------------------------------------------------------------------+
; Multiplexer Restructuring Statistics (Restructuring Performed)                                                                           ;
+--------------------+-----------+---------------+----------------------+------------------------+------------+----------------------------+
; Multiplexer Inputs ; Bus Width ; Baseline Area ; Area if Restructured ; Saving if Restructured ; Registered ; Example Multiplexer Output ;
+--------------------+-----------+---------------+----------------------+------------------------+------------+----------------------------+
; 19:1               ; 7 bits    ; 84 LEs        ; 84 LEs               ; 0 LEs                  ; No         ; |memoria|data_out          ;
+--------------------+-----------+---------------+----------------------+------------------------+------------+----------------------------+


+--------------------------------------------------------------------------------------------+
; Source assignments for rw_96x8_sync:ram|altsyncram:RW_rtl_0|altsyncram_m0q1:auto_generated ;
+---------------------------------+--------------------+------+------------------------------+
; Assignment                      ; Value              ; From ; To                           ;
+---------------------------------+--------------------+------+------------------------------+
; OPTIMIZE_POWER_DURING_SYNTHESIS ; NORMAL_COMPILATION ; -    ; -                            ;
+---------------------------------+--------------------+------+------------------------------+


+---------------------------------------------------------------------------------------+
; Parameter Settings for Inferred Entity Instance: rw_96x8_sync:ram|altsyncram:RW_rtl_0 ;
+------------------------------------+----------------------+---------------------------+
; Parameter Name                     ; Value                ; Type                      ;
+------------------------------------+----------------------+---------------------------+
; BYTE_SIZE_BLOCK                    ; 8                    ; Untyped                   ;
; AUTO_CARRY_CHAINS                  ; ON                   ; AUTO_CARRY                ;
; IGNORE_CARRY_BUFFERS               ; OFF                  ; IGNORE_CARRY              ;
; AUTO_CASCADE_CHAINS                ; ON                   ; AUTO_CASCADE              ;
; IGNORE_CASCADE_BUFFERS             ; OFF                  ; IGNORE_CASCADE            ;
; WIDTH_BYTEENA                      ; 1                    ; Untyped                   ;
; OPERATION_MODE                     ; DUAL_PORT            ; Untyped                   ;
; WIDTH_A                            ; 8                    ; Untyped                   ;
; WIDTHAD_A                          ; 8                    ; Untyped                   ;
; NUMWORDS_A                         ; 256                  ; Untyped                   ;
; OUTDATA_REG_A                      ; UNREGISTERED         ; Untyped                   ;
; ADDRESS_ACLR_A                     ; NONE                 ; Untyped                   ;
; OUTDATA_ACLR_A                     ; NONE                 ; Untyped                   ;
; WRCONTROL_ACLR_A                   ; NONE                 ; Untyped                   ;
; INDATA_ACLR_A                      ; NONE                 ; Untyped                   ;
; BYTEENA_ACLR_A                     ; NONE                 ; Untyped                   ;
; WIDTH_B                            ; 8                    ; Untyped                   ;
; WIDTHAD_B                          ; 8                    ; Untyped                   ;
; NUMWORDS_B                         ; 256                  ; Untyped                   ;
; INDATA_REG_B                       ; CLOCK1               ; Untyped                   ;
; WRCONTROL_WRADDRESS_REG_B          ; CLOCK1               ; Untyped                   ;
; RDCONTROL_REG_B                    ; CLOCK0               ; Untyped                   ;
; ADDRESS_REG_B                      ; CLOCK0               ; Untyped                   ;
; OUTDATA_REG_B                      ; UNREGISTERED         ; Untyped                   ;
; BYTEENA_REG_B                      ; CLOCK1               ; Untyped                   ;
; INDATA_ACLR_B                      ; NONE                 ; Untyped                   ;
; WRCONTROL_ACLR_B                   ; NONE                 ; Untyped                   ;
; ADDRESS_ACLR_B                     ; NONE                 ; Untyped                   ;
; OUTDATA_ACLR_B                     ; NONE                 ; Untyped                   ;
; RDCONTROL_ACLR_B                   ; NONE                 ; Untyped                   ;
; BYTEENA_ACLR_B                     ; NONE                 ; Untyped                   ;
; WIDTH_BYTEENA_A                    ; 1                    ; Untyped                   ;
; WIDTH_BYTEENA_B                    ; 1                    ; Untyped                   ;
; RAM_BLOCK_TYPE                     ; AUTO                 ; Untyped                   ;
; BYTE_SIZE                          ; 8                    ; Untyped                   ;
; READ_DURING_WRITE_MODE_MIXED_PORTS ; OLD_DATA             ; Untyped                   ;
; READ_DURING_WRITE_MODE_PORT_A      ; NEW_DATA_NO_NBE_READ ; Untyped                   ;
; READ_DURING_WRITE_MODE_PORT_B      ; NEW_DATA_NO_NBE_READ ; Untyped                   ;
; INIT_FILE                          ; UNUSED               ; Untyped                   ;
; INIT_FILE_LAYOUT                   ; PORT_A               ; Untyped                   ;
; MAXIMUM_DEPTH                      ; 0                    ; Untyped                   ;
; CLOCK_ENABLE_INPUT_A               ; NORMAL               ; Untyped                   ;
; CLOCK_ENABLE_INPUT_B               ; NORMAL               ; Untyped                   ;
; CLOCK_ENABLE_OUTPUT_A              ; NORMAL               ; Untyped                   ;
; CLOCK_ENABLE_OUTPUT_B              ; NORMAL               ; Untyped                   ;
; CLOCK_ENABLE_CORE_A                ; USE_INPUT_CLKEN      ; Untyped                   ;
; CLOCK_ENABLE_CORE_B                ; USE_INPUT_CLKEN      ; Untyped                   ;
; ENABLE_ECC                         ; FALSE                ; Untyped                   ;
; ECC_PIPELINE_STAGE_ENABLED         ; FALSE                ; Untyped                   ;
; WIDTH_ECCSTATUS                    ; 3                    ; Untyped                   ;
; DEVICE_FAMILY                      ; Cyclone V            ; Untyped                   ;
; CBXI_PARAMETER                     ; altsyncram_m0q1      ; Untyped                   ;
+------------------------------------+----------------------+---------------------------+
Note: In order to hide this table in the UI and the text report file, please set the "Show Parameter Settings in Synthesis Report" option in "Analysis and Synthesis Settings -> More Settings" to "Off".


+----------------------------------------------------------------------------------+
; altsyncram Parameter Settings by Entity Instance                                 ;
+-------------------------------------------+--------------------------------------+
; Name                                      ; Value                                ;
+-------------------------------------------+--------------------------------------+
; Number of entity instances                ; 1                                    ;
; Entity Instance                           ; rw_96x8_sync:ram|altsyncram:RW_rtl_0 ;
;     -- OPERATION_MODE                     ; DUAL_PORT                            ;
;     -- WIDTH_A                            ; 8                                    ;
;     -- NUMWORDS_A                         ; 256                                  ;
;     -- OUTDATA_REG_A                      ; UNREGISTERED                         ;
;     -- WIDTH_B                            ; 8                                    ;
;     -- NUMWORDS_B                         ; 256                                  ;
;     -- ADDRESS_REG_B                      ; CLOCK0                               ;
;     -- OUTDATA_REG_B                      ; UNREGISTERED                         ;
;     -- RAM_BLOCK_TYPE                     ; AUTO                                 ;
;     -- READ_DURING_WRITE_MODE_MIXED_PORTS ; OLD_DATA                             ;
+-------------------------------------------+--------------------------------------+


+-----------------------------------------------------+
; Post-Synthesis Netlist Statistics for Top Partition ;
+-----------------------+-----------------------------+
; Type                  ; Count                       ;
+-----------------------+-----------------------------+
; arriav_ff             ; 135                         ;
;     ENA               ; 7                           ;
;     ENA CLR           ; 128                         ;
; arriav_lcell_comb     ; 109                         ;
;     normal            ; 109                         ;
;         2 data inputs ; 5                           ;
;         3 data inputs ; 6                           ;
;         4 data inputs ; 27                          ;
;         5 data inputs ; 24                          ;
;         6 data inputs ; 47                          ;
; boundary_port         ; 283                         ;
; stratixv_ram_block    ; 8                           ;
;                       ;                             ;
; Max LUT depth         ; 6.00                        ;
; Average LUT depth     ; 2.28                        ;
+-----------------------+-----------------------------+


+-------------------------------+
; Elapsed Time Per Partition    ;
+----------------+--------------+
; Partition Name ; Elapsed Time ;
+----------------+--------------+
; Top            ; 00:00:03     ;
+----------------+--------------+


+-------------------------------+
; Analysis & Synthesis Messages ;
+-------------------------------+
Info: *******************************************************************
Info: Running Quartus Prime Analysis & Synthesis
    Info: Version 18.0.0 Build 614 04/24/2018 SJ Lite Edition
    Info: Processing started: Fri Jan 21 14:49:39 2022
Info: Command: quartus_map --read_settings_files=on --write_settings_files=off memoria -c memoria
Warning (18236): Number of processors has not been specified which may cause overloading on shared machines.  Set the global assignment NUM_PARALLEL_PROCESSORS in your QSF to an appropriate value for best performance.
Info (20030): Parallel compilation is enabled and will use 2 of the 2 processors detected
Info (12021): Found 2 design units, including 1 entities, in source file /unicauca/vi semestre/digitales 2/quartus_proyects/primer parcial/ejerciciorom9dic/rom_128x8_sync.vhd
    Info (12022): Found design unit 1: rom_128x8_sync-rom_128x8_sync_arch File: E:/UNICAUCA/VI Semestre/Digitales 2/Quartus_Proyects/Primer Parcial/EjercicioROM9dic/rom_128x8_sync.vhd Line: 12
    Info (12023): Found entity 1: rom_128x8_sync File: E:/UNICAUCA/VI Semestre/Digitales 2/Quartus_Proyects/Primer Parcial/EjercicioROM9dic/rom_128x8_sync.vhd Line: 5
Info (12021): Found 2 design units, including 1 entities, in source file /unicauca/vi semestre/digitales 2/quartus_proyects/primer parcial/ejercicioram9dic/rw_96x8_sync.vhd
    Info (12022): Found design unit 1: rw_96x8_sync-rw_96x8_sync_arch File: E:/UNICAUCA/VI Semestre/Digitales 2/Quartus_Proyects/Primer Parcial/EjercicioRAM9dic/rw_96x8_sync.vhd Line: 14
    Info (12023): Found entity 1: rw_96x8_sync File: E:/UNICAUCA/VI Semestre/Digitales 2/Quartus_Proyects/Primer Parcial/EjercicioRAM9dic/rw_96x8_sync.vhd Line: 5
Info (12021): Found 2 design units, including 1 entities, in source file /unicauca/vi semestre/digitales 2/quartus_proyects/primer parcial/entradas/entradas.vhd
    Info (12022): Found design unit 1: Entradas-Entradas_arch File: E:/UNICAUCA/VI Semestre/Digitales 2/Quartus_Proyects/Primer Parcial/Entradas/Entradas.vhd Line: 18
    Info (12023): Found entity 1: Entradas File: E:/UNICAUCA/VI Semestre/Digitales 2/Quartus_Proyects/Primer Parcial/Entradas/Entradas.vhd Line: 5
Info (12021): Found 2 design units, including 1 entities, in source file memoria.vhd
    Info (12022): Found design unit 1: memoria-memoria_arch File: E:/UNICAUCA/VI Semestre/Digitales 2/Quartus_Proyects/Primer Parcial/MemoriaCompleta/memoria.vhd Line: 23
    Info (12023): Found entity 1: memoria File: E:/UNICAUCA/VI Semestre/Digitales 2/Quartus_Proyects/Primer Parcial/MemoriaCompleta/memoria.vhd Line: 5
Info (12127): Elaborating entity "memoria" for the top level hierarchy
Info (12128): Elaborating entity "rom_128x8_sync" for hierarchy "rom_128x8_sync:rom" File: E:/UNICAUCA/VI Semestre/Digitales 2/Quartus_Proyects/Primer Parcial/MemoriaCompleta/memoria.vhd Line: 55
Info (12128): Elaborating entity "rw_96x8_sync" for hierarchy "rw_96x8_sync:ram" File: E:/UNICAUCA/VI Semestre/Digitales 2/Quartus_Proyects/Primer Parcial/MemoriaCompleta/memoria.vhd Line: 56
Info (12128): Elaborating entity "Entradas" for hierarchy "Entradas:ports_out" File: E:/UNICAUCA/VI Semestre/Digitales 2/Quartus_Proyects/Primer Parcial/MemoriaCompleta/memoria.vhd Line: 57
Info (19000): Inferred 1 megafunctions from design logic
    Info (276029): Inferred altsyncram megafunction from the following design logic: "rw_96x8_sync:ram|RW_rtl_0" 
        Info (286033): Parameter OPERATION_MODE set to DUAL_PORT
        Info (286033): Parameter WIDTH_A set to 8
        Info (286033): Parameter WIDTHAD_A set to 8
        Info (286033): Parameter NUMWORDS_A set to 256
        Info (286033): Parameter WIDTH_B set to 8
        Info (286033): Parameter WIDTHAD_B set to 8
        Info (286033): Parameter NUMWORDS_B set to 256
        Info (286033): Parameter ADDRESS_ACLR_A set to NONE
        Info (286033): Parameter OUTDATA_REG_B set to UNREGISTERED
        Info (286033): Parameter ADDRESS_ACLR_B set to NONE
        Info (286033): Parameter OUTDATA_ACLR_B set to NONE
        Info (286033): Parameter ADDRESS_REG_B set to CLOCK0
        Info (286033): Parameter INDATA_ACLR_A set to NONE
        Info (286033): Parameter WRCONTROL_ACLR_A set to NONE
        Info (286033): Parameter READ_DURING_WRITE_MODE_MIXED_PORTS set to OLD_DATA
        Info (286033): Parameter RDCONTROL_REG_B set to CLOCK0
Info (12130): Elaborated megafunction instantiation "rw_96x8_sync:ram|altsyncram:RW_rtl_0"
Info (12133): Instantiated megafunction "rw_96x8_sync:ram|altsyncram:RW_rtl_0" with the following parameter:
    Info (12134): Parameter "OPERATION_MODE" = "DUAL_PORT"
    Info (12134): Parameter "WIDTH_A" = "8"
    Info (12134): Parameter "WIDTHAD_A" = "8"
    Info (12134): Parameter "NUMWORDS_A" = "256"
    Info (12134): Parameter "WIDTH_B" = "8"
    Info (12134): Parameter "WIDTHAD_B" = "8"
    Info (12134): Parameter "NUMWORDS_B" = "256"
    Info (12134): Parameter "ADDRESS_ACLR_A" = "NONE"
    Info (12134): Parameter "OUTDATA_REG_B" = "UNREGISTERED"
    Info (12134): Parameter "ADDRESS_ACLR_B" = "NONE"
    Info (12134): Parameter "OUTDATA_ACLR_B" = "NONE"
    Info (12134): Parameter "ADDRESS_REG_B" = "CLOCK0"
    Info (12134): Parameter "INDATA_ACLR_A" = "NONE"
    Info (12134): Parameter "WRCONTROL_ACLR_A" = "NONE"
    Info (12134): Parameter "READ_DURING_WRITE_MODE_MIXED_PORTS" = "OLD_DATA"
    Info (12134): Parameter "RDCONTROL_REG_B" = "CLOCK0"
Info (12021): Found 1 design units, including 1 entities, in source file db/altsyncram_m0q1.tdf
    Info (12023): Found entity 1: altsyncram_m0q1 File: E:/UNICAUCA/VI Semestre/Digitales 2/Quartus_Proyects/Primer Parcial/MemoriaCompleta/db/altsyncram_m0q1.tdf Line: 27
Info (286030): Timing-Driven Synthesis is running
Info (16010): Generating hard_block partition "hard_block:auto_generated_inst"
    Info (16011): Adding 0 node(s), including 0 DDIO, 0 PLL, 0 transceiver and 0 LCELL
Info (21057): Implemented 530 device resources after synthesis - the final resource count might be different
    Info (21058): Implemented 147 input pins
    Info (21059): Implemented 136 output pins
    Info (21061): Implemented 239 logic cells
    Info (21064): Implemented 8 RAM segments
Info: Quartus Prime Analysis & Synthesis was successful. 0 errors, 1 warning
    Info: Peak virtual memory: 4864 megabytes
    Info: Processing ended: Fri Jan 21 14:50:05 2022
    Info: Elapsed time: 00:00:26
    Info: Total CPU time (on all processors): 00:00:42


