Analysis & Synthesis report for cpu
Fri Jan 21 15:58:47 2022
Quartus Prime Version 18.0.0 Build 614 04/24/2018 SJ Lite Edition


---------------------
; Table of Contents ;
---------------------
  1. Legal Notice
  2. Analysis & Synthesis Summary
  3. Analysis & Synthesis Settings
  4. Parallel Compilation
  5. Analysis & Synthesis Source Files Read
  6. Analysis & Synthesis Resource Usage Summary
  7. Analysis & Synthesis Resource Utilization by Entity
  8. State Machine - |cpu|control_unit:control|current_state
  9. User-Specified and Inferred Latches
 10. Registers Removed During Synthesis
 11. General Register Statistics
 12. Multiplexer Restructuring Statistics (Restructuring Performed)
 13. Post-Synthesis Netlist Statistics for Top Partition
 14. Elapsed Time Per Partition
 15. Analysis & Synthesis Messages



----------------
; Legal Notice ;
----------------
Copyright (C) 2018  Intel Corporation. All rights reserved.
Your use of Intel Corporation's design tools, logic functions 
and other software and tools, and its AMPP partner logic 
functions, and any output files from any of the foregoing 
(including device programming or simulation files), and any 
associated documentation or information are expressly subject 
to the terms and conditions of the Intel Program License 
Subscription Agreement, the Intel Quartus Prime License Agreement,
the Intel FPGA IP License Agreement, or other applicable license
agreement, including, without limitation, that your use is for
the sole purpose of programming logic devices manufactured by
Intel and sold by Intel or its authorized distributors.  Please
refer to the applicable agreement for further details.



+-------------------------------------------------------------------------------+
; Analysis & Synthesis Summary                                                  ;
+---------------------------------+---------------------------------------------+
; Analysis & Synthesis Status     ; Successful - Fri Jan 21 15:58:46 2022       ;
; Quartus Prime Version           ; 18.0.0 Build 614 04/24/2018 SJ Lite Edition ;
; Revision Name                   ; cpu                                         ;
; Top-level Entity Name           ; cpu                                         ;
; Family                          ; Cyclone V                                   ;
; Logic utilization (in ALMs)     ; N/A                                         ;
; Total registers                 ; 50                                          ;
; Total pins                      ; 27                                          ;
; Total virtual pins              ; 0                                           ;
; Total block memory bits         ; 0                                           ;
; Total DSP Blocks                ; 0                                           ;
; Total HSSI RX PCSs              ; 0                                           ;
; Total HSSI PMA RX Deserializers ; 0                                           ;
; Total HSSI TX PCSs              ; 0                                           ;
; Total HSSI PMA TX Serializers   ; 0                                           ;
; Total PLLs                      ; 0                                           ;
; Total DLLs                      ; 0                                           ;
+---------------------------------+---------------------------------------------+


+---------------------------------------------------------------------------------------------------------------------------+
; Analysis & Synthesis Settings                                                                                             ;
+---------------------------------------------------------------------------------+--------------------+--------------------+
; Option                                                                          ; Setting            ; Default Value      ;
+---------------------------------------------------------------------------------+--------------------+--------------------+
; Device                                                                          ; 5CGXFC7D6F31C6     ;                    ;
; Top-level entity name                                                           ; cpu                ; cpu                ;
; Family name                                                                     ; Cyclone V          ; Cyclone V          ;
; Use smart compilation                                                           ; Off                ; Off                ;
; Enable parallel Assembler and Timing Analyzer during compilation                ; On                 ; On                 ;
; Enable compact report table                                                     ; Off                ; Off                ;
; Restructure Multiplexers                                                        ; Auto               ; Auto               ;
; MLAB Add Timing Constraints For Mixed-Port Feed-Through Mode Setting Don't Care ; Off                ; Off                ;
; Create Debugging Nodes for IP Cores                                             ; Off                ; Off                ;
; Preserve fewer node names                                                       ; On                 ; On                 ;
; Intel FPGA IP Evaluation Mode                                                   ; Enable             ; Enable             ;
; Verilog Version                                                                 ; Verilog_2001       ; Verilog_2001       ;
; VHDL Version                                                                    ; VHDL_1993          ; VHDL_1993          ;
; State Machine Processing                                                        ; Auto               ; Auto               ;
; Safe State Machine                                                              ; Off                ; Off                ;
; Extract Verilog State Machines                                                  ; On                 ; On                 ;
; Extract VHDL State Machines                                                     ; On                 ; On                 ;
; Ignore Verilog initial constructs                                               ; Off                ; Off                ;
; Iteration limit for constant Verilog loops                                      ; 5000               ; 5000               ;
; Iteration limit for non-constant Verilog loops                                  ; 250                ; 250                ;
; Add Pass-Through Logic to Inferred RAMs                                         ; On                 ; On                 ;
; Infer RAMs from Raw Logic                                                       ; On                 ; On                 ;
; Parallel Synthesis                                                              ; On                 ; On                 ;
; DSP Block Balancing                                                             ; Auto               ; Auto               ;
; NOT Gate Push-Back                                                              ; On                 ; On                 ;
; Power-Up Don't Care                                                             ; On                 ; On                 ;
; Remove Redundant Logic Cells                                                    ; Off                ; Off                ;
; Remove Duplicate Registers                                                      ; On                 ; On                 ;
; Ignore CARRY Buffers                                                            ; Off                ; Off                ;
; Ignore CASCADE Buffers                                                          ; Off                ; Off                ;
; Ignore GLOBAL Buffers                                                           ; Off                ; Off                ;
; Ignore ROW GLOBAL Buffers                                                       ; Off                ; Off                ;
; Ignore LCELL Buffers                                                            ; Off                ; Off                ;
; Ignore SOFT Buffers                                                             ; On                 ; On                 ;
; Limit AHDL Integers to 32 Bits                                                  ; Off                ; Off                ;
; Optimization Technique                                                          ; Balanced           ; Balanced           ;
; Carry Chain Length                                                              ; 70                 ; 70                 ;
; Auto Carry Chains                                                               ; On                 ; On                 ;
; Auto Open-Drain Pins                                                            ; On                 ; On                 ;
; Perform WYSIWYG Primitive Resynthesis                                           ; Off                ; Off                ;
; Auto ROM Replacement                                                            ; On                 ; On                 ;
; Auto RAM Replacement                                                            ; On                 ; On                 ;
; Auto DSP Block Replacement                                                      ; On                 ; On                 ;
; Auto Shift Register Replacement                                                 ; Auto               ; Auto               ;
; Allow Shift Register Merging across Hierarchies                                 ; Auto               ; Auto               ;
; Auto Clock Enable Replacement                                                   ; On                 ; On                 ;
; Strict RAM Replacement                                                          ; Off                ; Off                ;
; Allow Synchronous Control Signals                                               ; On                 ; On                 ;
; Force Use of Synchronous Clear Signals                                          ; Off                ; Off                ;
; Auto Resource Sharing                                                           ; Off                ; Off                ;
; Allow Any RAM Size For Recognition                                              ; Off                ; Off                ;
; Allow Any ROM Size For Recognition                                              ; Off                ; Off                ;
; Allow Any Shift Register Size For Recognition                                   ; Off                ; Off                ;
; Use LogicLock Constraints during Resource Balancing                             ; On                 ; On                 ;
; Ignore translate_off and synthesis_off directives                               ; Off                ; Off                ;
; Timing-Driven Synthesis                                                         ; On                 ; On                 ;
; Report Parameter Settings                                                       ; On                 ; On                 ;
; Report Source Assignments                                                       ; On                 ; On                 ;
; Report Connectivity Checks                                                      ; On                 ; On                 ;
; Ignore Maximum Fan-Out Assignments                                              ; Off                ; Off                ;
; Synchronization Register Chain Length                                           ; 3                  ; 3                  ;
; Power Optimization During Synthesis                                             ; Normal compilation ; Normal compilation ;
; HDL message level                                                               ; Level2             ; Level2             ;
; Suppress Register Optimization Related Messages                                 ; Off                ; Off                ;
; Number of Removed Registers Reported in Synthesis Report                        ; 5000               ; 5000               ;
; Number of Swept Nodes Reported in Synthesis Report                              ; 5000               ; 5000               ;
; Number of Inverted Registers Reported in Synthesis Report                       ; 100                ; 100                ;
; Clock MUX Protection                                                            ; On                 ; On                 ;
; Auto Gated Clock Conversion                                                     ; Off                ; Off                ;
; Block Design Naming                                                             ; Auto               ; Auto               ;
; SDC constraint protection                                                       ; Off                ; Off                ;
; Synthesis Effort                                                                ; Auto               ; Auto               ;
; Shift Register Replacement - Allow Asynchronous Clear Signal                    ; On                 ; On                 ;
; Pre-Mapping Resynthesis Optimization                                            ; Off                ; Off                ;
; Analysis & Synthesis Message Level                                              ; Medium             ; Medium             ;
; Disable Register Merging Across Hierarchies                                     ; Auto               ; Auto               ;
; Resource Aware Inference For Block RAM                                          ; On                 ; On                 ;
; Automatic Parallel Synthesis                                                    ; On                 ; On                 ;
; Partial Reconfiguration Bitstream ID                                            ; Off                ; Off                ;
+---------------------------------------------------------------------------------+--------------------+--------------------+


+------------------------------------------+
; Parallel Compilation                     ;
+----------------------------+-------------+
; Processors                 ; Number      ;
+----------------------------+-------------+
; Number detected on machine ; 4           ;
; Maximum allowed            ; 2           ;
;                            ;             ;
; Average used               ; 1.00        ;
; Maximum used               ; 2           ;
;                            ;             ;
; Usage by Processor         ; % Time Used ;
;     Processor 1            ; 100.0%      ;
;     Processor 2            ;   0.0%      ;
+----------------------------+-------------+


+------------------------------------------------------------------------------------------------------------------------------------------------------------------------------------+
; Analysis & Synthesis Source Files Read                                                                                                                                             ;
+----------------------------------+-----------------+-----------------+---------------------------------------------------------------------------------------------------+---------+
; File Name with User-Entered Path ; Used in Netlist ; File Type       ; File Name with Absolute Path                                                                      ; Library ;
+----------------------------------+-----------------+-----------------+---------------------------------------------------------------------------------------------------+---------+
; ../ALU/alu.vhd                   ; yes             ; User VHDL File  ; E:/UNICAUCA/VI Semestre/Digitales 2/Quartus_Proyects/Primer Parcial/ALU/alu.vhd                   ;         ;
; ../Control Unit/control_unit.vhd ; yes             ; User VHDL File  ; E:/UNICAUCA/VI Semestre/Digitales 2/Quartus_Proyects/Primer Parcial/Control Unit/control_unit.vhd ;         ;
; ../data path/data_path.vhd       ; yes             ; User VHDL File  ; E:/UNICAUCA/VI Semestre/Digitales 2/Quartus_Proyects/Primer Parcial/data path/data_path.vhd       ;         ;
; cpu.vhd                          ; yes             ; User VHDL File  ; E:/UNICAUCA/VI Semestre/Digitales 2/Quartus_Proyects/Primer Parcial/CPU/cpu.vhd                   ;         ;
+----------------------------------+-----------------+-----------------+---------------------------------------------------------------------------------------------------+---------+


+-----------------------------------------------------------+
; Analysis & Synthesis Resource Usage Summary               ;
+---------------------------------------------+-------------+
; Resource                                    ; Usage       ;
+---------------------------------------------+-------------+
; Estimate of Logic utilization (ALMs needed) ; 44          ;
;                                             ;             ;
; Combinational ALUT usage for logic          ; 69          ;
;     -- 7 input functions                    ; 0           ;
;     -- 6 input functions                    ; 15          ;
;     -- 5 input functions                    ; 9           ;
;     -- 4 input functions                    ; 10          ;
;     -- <=3 input functions                  ; 35          ;
;                                             ;             ;
; Dedicated logic registers                   ; 50          ;
;                                             ;             ;
; I/O pins                                    ; 27          ;
;                                             ;             ;
; Total DSP Blocks                            ; 0           ;
;                                             ;             ;
; Maximum fan-out node                        ; clock~input ;
; Maximum fan-out                             ; 50          ;
; Total fan-out                               ; 507         ;
; Average fan-out                             ; 2.93        ;
+---------------------------------------------+-------------+


+-----------------------------------------------------------------------------------------------------------------------------------------------------------------------------------------------+
; Analysis & Synthesis Resource Utilization by Entity                                                                                                                                           ;
+----------------------------+---------------------+---------------------------+-------------------+------------+------+--------------+---------------------------+--------------+--------------+
; Compilation Hierarchy Node ; Combinational ALUTs ; Dedicated Logic Registers ; Block Memory Bits ; DSP Blocks ; Pins ; Virtual Pins ; Full Hierarchy Name       ; Entity Name  ; Library Name ;
+----------------------------+---------------------+---------------------------+-------------------+------------+------+--------------+---------------------------+--------------+--------------+
; |cpu                       ; 69 (0)              ; 50 (0)                    ; 0                 ; 0          ; 27   ; 0            ; |cpu                      ; cpu          ; work         ;
;    |control_unit:control|  ; 39 (39)             ; 17 (17)                   ; 0                 ; 0          ; 0    ; 0            ; |cpu|control_unit:control ; control_unit ; work         ;
;    |data_path:data|        ; 30 (30)             ; 33 (33)                   ; 0                 ; 0          ; 0    ; 0            ; |cpu|data_path:data       ; data_path    ; work         ;
+----------------------------+---------------------+---------------------------+-------------------+------------+------+--------------+---------------------------+--------------+--------------+
Note: For table entries with two numbers listed, the numbers in parentheses indicate the number of resources of the given type used by the specific entity alone. The numbers listed outside of parentheses indicate the total resources of the given type used by the specific entity and all of its sub-entities in the hierarchy.


Encoding Type:  One-Hot
+---------------------------------------------------------------------------------------------------------------------------------------------------------------------------------------------------------------------------------------------------------------------------------------------------------------------------------------------------------------------------------------------------------------------------------------------------------------------------------------------------------------------------------------------------------------------------------------------------------------------------------------------------------------------------------------+
; State Machine - |cpu|control_unit:control|current_state                                                                                                                                                                                                                                                                                                                                                                                                                                                                                                                                                                                                                               ;
+---------------------------+-----------------------+-----------------------+-----------------------+-----------------------+-----------------------+-----------------------+-----------------------+--------------------------+---------------------------+---------------------------+---------------------------+---------------------------+---------------------------+---------------------------+---------------------------+---------------------------+---------------------------+---------------------------+---------------------------+---------------------------+--------------------------+-------------------------+-------------------------+-------------------------+
; Name                      ; current_state.S_BEQ_7 ; current_state.S_BEQ_6 ; current_state.S_BEQ_5 ; current_state.S_BEQ_4 ; current_state.S_BRA_6 ; current_state.S_BRA_5 ; current_state.S_BRA_4 ; current_state.S_ADD_AB_4 ; current_state.S_STA_DIR_7 ; current_state.S_STA_DIR_6 ; current_state.S_STA_DIR_5 ; current_state.S_STA_DIR_4 ; current_state.S_LDA_DIR_8 ; current_state.S_LDA_DIR_7 ; current_state.S_LDA_DIR_6 ; current_state.S_LDA_DIR_5 ; current_state.S_LDA_DIR_4 ; current_state.S_LDA_IMM_6 ; current_state.S_LDA_IMM_5 ; current_state.S_LDA_IMM_4 ; current_state.S_DECODE_3 ; current_state.S_FETCH_2 ; current_state.S_FETCH_1 ; current_state.S_FETCH_0 ;
+---------------------------+-----------------------+-----------------------+-----------------------+-----------------------+-----------------------+-----------------------+-----------------------+--------------------------+---------------------------+---------------------------+---------------------------+---------------------------+---------------------------+---------------------------+---------------------------+---------------------------+---------------------------+---------------------------+---------------------------+---------------------------+--------------------------+-------------------------+-------------------------+-------------------------+
; current_state.S_FETCH_0   ; 0                     ; 0                     ; 0                     ; 0                     ; 0                     ; 0                     ; 0                     ; 0                        ; 0                         ; 0                         ; 0                         ; 0                         ; 0                         ; 0                         ; 0                         ; 0                         ; 0                         ; 0                         ; 0                         ; 0                         ; 0                        ; 0                       ; 0                       ; 0                       ;
; current_state.S_FETCH_1   ; 0                     ; 0                     ; 0                     ; 0                     ; 0                     ; 0                     ; 0                     ; 0                        ; 0                         ; 0                         ; 0                         ; 0                         ; 0                         ; 0                         ; 0                         ; 0                         ; 0                         ; 0                         ; 0                         ; 0                         ; 0                        ; 0                       ; 1                       ; 1                       ;
; current_state.S_FETCH_2   ; 0                     ; 0                     ; 0                     ; 0                     ; 0                     ; 0                     ; 0                     ; 0                        ; 0                         ; 0                         ; 0                         ; 0                         ; 0                         ; 0                         ; 0                         ; 0                         ; 0                         ; 0                         ; 0                         ; 0                         ; 0                        ; 1                       ; 0                       ; 1                       ;
; current_state.S_DECODE_3  ; 0                     ; 0                     ; 0                     ; 0                     ; 0                     ; 0                     ; 0                     ; 0                        ; 0                         ; 0                         ; 0                         ; 0                         ; 0                         ; 0                         ; 0                         ; 0                         ; 0                         ; 0                         ; 0                         ; 0                         ; 1                        ; 0                       ; 0                       ; 1                       ;
; current_state.S_LDA_IMM_4 ; 0                     ; 0                     ; 0                     ; 0                     ; 0                     ; 0                     ; 0                     ; 0                        ; 0                         ; 0                         ; 0                         ; 0                         ; 0                         ; 0                         ; 0                         ; 0                         ; 0                         ; 0                         ; 0                         ; 1                         ; 0                        ; 0                       ; 0                       ; 1                       ;
; current_state.S_LDA_IMM_5 ; 0                     ; 0                     ; 0                     ; 0                     ; 0                     ; 0                     ; 0                     ; 0                        ; 0                         ; 0                         ; 0                         ; 0                         ; 0                         ; 0                         ; 0                         ; 0                         ; 0                         ; 0                         ; 1                         ; 0                         ; 0                        ; 0                       ; 0                       ; 1                       ;
; current_state.S_LDA_IMM_6 ; 0                     ; 0                     ; 0                     ; 0                     ; 0                     ; 0                     ; 0                     ; 0                        ; 0                         ; 0                         ; 0                         ; 0                         ; 0                         ; 0                         ; 0                         ; 0                         ; 0                         ; 1                         ; 0                         ; 0                         ; 0                        ; 0                       ; 0                       ; 1                       ;
; current_state.S_LDA_DIR_4 ; 0                     ; 0                     ; 0                     ; 0                     ; 0                     ; 0                     ; 0                     ; 0                        ; 0                         ; 0                         ; 0                         ; 0                         ; 0                         ; 0                         ; 0                         ; 0                         ; 1                         ; 0                         ; 0                         ; 0                         ; 0                        ; 0                       ; 0                       ; 1                       ;
; current_state.S_LDA_DIR_5 ; 0                     ; 0                     ; 0                     ; 0                     ; 0                     ; 0                     ; 0                     ; 0                        ; 0                         ; 0                         ; 0                         ; 0                         ; 0                         ; 0                         ; 0                         ; 1                         ; 0                         ; 0                         ; 0                         ; 0                         ; 0                        ; 0                       ; 0                       ; 1                       ;
; current_state.S_LDA_DIR_6 ; 0                     ; 0                     ; 0                     ; 0                     ; 0                     ; 0                     ; 0                     ; 0                        ; 0                         ; 0                         ; 0                         ; 0                         ; 0                         ; 0                         ; 1                         ; 0                         ; 0                         ; 0                         ; 0                         ; 0                         ; 0                        ; 0                       ; 0                       ; 1                       ;
; current_state.S_LDA_DIR_7 ; 0                     ; 0                     ; 0                     ; 0                     ; 0                     ; 0                     ; 0                     ; 0                        ; 0                         ; 0                         ; 0                         ; 0                         ; 0                         ; 1                         ; 0                         ; 0                         ; 0                         ; 0                         ; 0                         ; 0                         ; 0                        ; 0                       ; 0                       ; 1                       ;
; current_state.S_LDA_DIR_8 ; 0                     ; 0                     ; 0                     ; 0                     ; 0                     ; 0                     ; 0                     ; 0                        ; 0                         ; 0                         ; 0                         ; 0                         ; 1                         ; 0                         ; 0                         ; 0                         ; 0                         ; 0                         ; 0                         ; 0                         ; 0                        ; 0                       ; 0                       ; 1                       ;
; current_state.S_STA_DIR_4 ; 0                     ; 0                     ; 0                     ; 0                     ; 0                     ; 0                     ; 0                     ; 0                        ; 0                         ; 0                         ; 0                         ; 1                         ; 0                         ; 0                         ; 0                         ; 0                         ; 0                         ; 0                         ; 0                         ; 0                         ; 0                        ; 0                       ; 0                       ; 1                       ;
; current_state.S_STA_DIR_5 ; 0                     ; 0                     ; 0                     ; 0                     ; 0                     ; 0                     ; 0                     ; 0                        ; 0                         ; 0                         ; 1                         ; 0                         ; 0                         ; 0                         ; 0                         ; 0                         ; 0                         ; 0                         ; 0                         ; 0                         ; 0                        ; 0                       ; 0                       ; 1                       ;
; current_state.S_STA_DIR_6 ; 0                     ; 0                     ; 0                     ; 0                     ; 0                     ; 0                     ; 0                     ; 0                        ; 0                         ; 1                         ; 0                         ; 0                         ; 0                         ; 0                         ; 0                         ; 0                         ; 0                         ; 0                         ; 0                         ; 0                         ; 0                        ; 0                       ; 0                       ; 1                       ;
; current_state.S_STA_DIR_7 ; 0                     ; 0                     ; 0                     ; 0                     ; 0                     ; 0                     ; 0                     ; 0                        ; 1                         ; 0                         ; 0                         ; 0                         ; 0                         ; 0                         ; 0                         ; 0                         ; 0                         ; 0                         ; 0                         ; 0                         ; 0                        ; 0                       ; 0                       ; 1                       ;
; current_state.S_ADD_AB_4  ; 0                     ; 0                     ; 0                     ; 0                     ; 0                     ; 0                     ; 0                     ; 1                        ; 0                         ; 0                         ; 0                         ; 0                         ; 0                         ; 0                         ; 0                         ; 0                         ; 0                         ; 0                         ; 0                         ; 0                         ; 0                        ; 0                       ; 0                       ; 1                       ;
; current_state.S_BRA_4     ; 0                     ; 0                     ; 0                     ; 0                     ; 0                     ; 0                     ; 1                     ; 0                        ; 0                         ; 0                         ; 0                         ; 0                         ; 0                         ; 0                         ; 0                         ; 0                         ; 0                         ; 0                         ; 0                         ; 0                         ; 0                        ; 0                       ; 0                       ; 1                       ;
; current_state.S_BRA_5     ; 0                     ; 0                     ; 0                     ; 0                     ; 0                     ; 1                     ; 0                     ; 0                        ; 0                         ; 0                         ; 0                         ; 0                         ; 0                         ; 0                         ; 0                         ; 0                         ; 0                         ; 0                         ; 0                         ; 0                         ; 0                        ; 0                       ; 0                       ; 1                       ;
; current_state.S_BRA_6     ; 0                     ; 0                     ; 0                     ; 0                     ; 1                     ; 0                     ; 0                     ; 0                        ; 0                         ; 0                         ; 0                         ; 0                         ; 0                         ; 0                         ; 0                         ; 0                         ; 0                         ; 0                         ; 0                         ; 0                         ; 0                        ; 0                       ; 0                       ; 1                       ;
; current_state.S_BEQ_4     ; 0                     ; 0                     ; 0                     ; 1                     ; 0                     ; 0                     ; 0                     ; 0                        ; 0                         ; 0                         ; 0                         ; 0                         ; 0                         ; 0                         ; 0                         ; 0                         ; 0                         ; 0                         ; 0                         ; 0                         ; 0                        ; 0                       ; 0                       ; 1                       ;
; current_state.S_BEQ_5     ; 0                     ; 0                     ; 1                     ; 0                     ; 0                     ; 0                     ; 0                     ; 0                        ; 0                         ; 0                         ; 0                         ; 0                         ; 0                         ; 0                         ; 0                         ; 0                         ; 0                         ; 0                         ; 0                         ; 0                         ; 0                        ; 0                       ; 0                       ; 1                       ;
; current_state.S_BEQ_6     ; 0                     ; 1                     ; 0                     ; 0                     ; 0                     ; 0                     ; 0                     ; 0                        ; 0                         ; 0                         ; 0                         ; 0                         ; 0                         ; 0                         ; 0                         ; 0                         ; 0                         ; 0                         ; 0                         ; 0                         ; 0                        ; 0                       ; 0                       ; 1                       ;
; current_state.S_BEQ_7     ; 1                     ; 0                     ; 0                     ; 0                     ; 0                     ; 0                     ; 0                     ; 0                        ; 0                         ; 0                         ; 0                         ; 0                         ; 0                         ; 0                         ; 0                         ; 0                         ; 0                         ; 0                         ; 0                         ; 0                         ; 0                        ; 0                       ; 0                       ; 1                       ;
+---------------------------+-----------------------+-----------------------+-----------------------+-----------------------+-----------------------+-----------------------+-----------------------+--------------------------+---------------------------+---------------------------+---------------------------+---------------------------+---------------------------+---------------------------+---------------------------+---------------------------+---------------------------+---------------------------+---------------------------+---------------------------+--------------------------+-------------------------+-------------------------+-------------------------+


+---------------------------------------------------------------------------------------------------------------+
; User-Specified and Inferred Latches                                                                           ;
+-----------------------------------------------------+--------------------------------+------------------------+
; Latch Name                                          ; Latch Enable Signal            ; Free of Timing Hazards ;
+-----------------------------------------------------+--------------------------------+------------------------+
; control_unit:control|Bus1_Sel[0]                    ; control_unit:control|Selector0 ; yes                    ;
; control_unit:control|writen                         ; control_unit:control|Selector0 ; yes                    ;
; control_unit:control|Bus2_Sel[1]                    ; control_unit:control|Selector0 ; yes                    ;
; control_unit:control|Bus2_Sel[0]                    ; control_unit:control|Selector0 ; yes                    ;
; control_unit:control|PC_Load                        ; control_unit:control|Selector0 ; yes                    ;
; control_unit:control|PC_Inc                         ; control_unit:control|Selector0 ; yes                    ;
; control_unit:control|A_Load                         ; control_unit:control|Selector0 ; yes                    ;
; control_unit:control|MAR_Load                       ; control_unit:control|Selector0 ; yes                    ;
; control_unit:control|IR_Load                        ; control_unit:control|Selector0 ; yes                    ;
; control_unit:control|CCR_Load                       ; GND                            ; yes                    ;
; Number of user-specified and inferred latches = 10  ;                                ;                        ;
+-----------------------------------------------------+--------------------------------+------------------------+
Note: All latches listed above may not be present at the end of synthesis due to various synthesis optimizations.


+----------------------------------------------------------------------------------------------+
; Registers Removed During Synthesis                                                           ;
+------------------------------------------------+---------------------------------------------+
; Register name                                  ; Reason for Removal                          ;
+------------------------------------------------+---------------------------------------------+
; data_path:data|B[0..7]                         ; Stuck at GND due to stuck port clock_enable ;
; control_unit:control|current_state.S_LDA_DIR_4 ; Lost fanout                                 ;
; control_unit:control|current_state.S_ADD_AB_4  ; Lost fanout                                 ;
; control_unit:control|current_state.S_BEQ_7     ; Lost fanout                                 ;
; control_unit:control|current_state.S_LDA_DIR_5 ; Lost fanout                                 ;
; control_unit:control|current_state.S_LDA_DIR_6 ; Lost fanout                                 ;
; control_unit:control|current_state.S_LDA_DIR_7 ; Lost fanout                                 ;
; control_unit:control|current_state.S_LDA_DIR_8 ; Lost fanout                                 ;
; Total Number of Removed Registers = 15         ;                                             ;
+------------------------------------------------+---------------------------------------------+


+------------------------------------------------------+
; General Register Statistics                          ;
+----------------------------------------------+-------+
; Statistic                                    ; Value ;
+----------------------------------------------+-------+
; Total registers                              ; 50    ;
; Number of registers using Synchronous Clear  ; 0     ;
; Number of registers using Synchronous Load   ; 8     ;
; Number of registers using Asynchronous Clear ; 50    ;
; Number of registers using Asynchronous Load  ; 0     ;
; Number of registers using Clock Enable       ; 32    ;
; Number of registers using Preset             ; 0     ;
+----------------------------------------------+-------+


+-----------------------------------------------------------------------------------------------------------------------------------------------------+
; Multiplexer Restructuring Statistics (Restructuring Performed)                                                                                      ;
+--------------------+-----------+---------------+----------------------+------------------------+------------+---------------------------------------+
; Multiplexer Inputs ; Bus Width ; Baseline Area ; Area if Restructured ; Saving if Restructured ; Registered ; Example Multiplexer Output            ;
+--------------------+-----------+---------------+----------------------+------------------------+------------+---------------------------------------+
; 3:1                ; 8 bits    ; 16 LEs        ; 0 LEs                ; 16 LEs                 ; Yes        ; |cpu|data_path:data|PC_uns[1]         ;
; 4:1                ; 8 bits    ; 16 LEs        ; 16 LEs               ; 0 LEs                  ; No         ; |cpu|data_path:data|Mux12             ;
; 5:1                ; 2 bits    ; 6 LEs         ; 6 LEs                ; 0 LEs                  ; No         ; |cpu|control_unit:control|Bus2_Sel[0] ;
+--------------------+-----------+---------------+----------------------+------------------------+------------+---------------------------------------+


+-----------------------------------------------------+
; Post-Synthesis Netlist Statistics for Top Partition ;
+-----------------------+-----------------------------+
; Type                  ; Count                       ;
+-----------------------+-----------------------------+
; arriav_ff             ; 50                          ;
;     CLR               ; 18                          ;
;     ENA CLR           ; 24                          ;
;     ENA CLR SLD       ; 8                           ;
; arriav_lcell_comb     ; 69                          ;
;     arith             ; 8                           ;
;         1 data inputs ; 8                           ;
;     normal            ; 61                          ;
;         1 data inputs ; 1                           ;
;         2 data inputs ; 4                           ;
;         3 data inputs ; 22                          ;
;         4 data inputs ; 10                          ;
;         5 data inputs ; 9                           ;
;         6 data inputs ; 15                          ;
; boundary_port         ; 27                          ;
;                       ;                             ;
; Max LUT depth         ; 4.00                        ;
; Average LUT depth     ; 2.19                        ;
+-----------------------+-----------------------------+


+-------------------------------+
; Elapsed Time Per Partition    ;
+----------------+--------------+
; Partition Name ; Elapsed Time ;
+----------------+--------------+
; Top            ; 00:00:01     ;
+----------------+--------------+


+-------------------------------+
; Analysis & Synthesis Messages ;
+-------------------------------+
Info: *******************************************************************
Info: Running Quartus Prime Analysis & Synthesis
    Info: Version 18.0.0 Build 614 04/24/2018 SJ Lite Edition
    Info: Processing started: Fri Jan 21 15:58:17 2022
Info: Command: quartus_map --read_settings_files=on --write_settings_files=off cpu -c cpu
Warning (18236): Number of processors has not been specified which may cause overloading on shared machines.  Set the global assignment NUM_PARALLEL_PROCESSORS in your QSF to an appropriate value for best performance.
Info (20030): Parallel compilation is enabled and will use 2 of the 2 processors detected
Info (12021): Found 2 design units, including 1 entities, in source file /unicauca/vi semestre/digitales 2/quartus_proyects/primer parcial/alu/alu.vhd
    Info (12022): Found design unit 1: alu-alu_arch File: E:/UNICAUCA/VI Semestre/Digitales 2/Quartus_Proyects/Primer Parcial/ALU/alu.vhd Line: 13
    Info (12023): Found entity 1: alu File: E:/UNICAUCA/VI Semestre/Digitales 2/Quartus_Proyects/Primer Parcial/ALU/alu.vhd Line: 5
Info (12021): Found 2 design units, including 1 entities, in source file /unicauca/vi semestre/digitales 2/quartus_proyects/primer parcial/control unit/control_unit.vhd
    Info (12022): Found design unit 1: control_unit-control_unit_arch File: E:/UNICAUCA/VI Semestre/Digitales 2/Quartus_Proyects/Primer Parcial/Control Unit/control_unit.vhd Line: 17
    Info (12023): Found entity 1: control_unit File: E:/UNICAUCA/VI Semestre/Digitales 2/Quartus_Proyects/Primer Parcial/Control Unit/control_unit.vhd Line: 5
Info (12021): Found 2 design units, including 1 entities, in source file /unicauca/vi semestre/digitales 2/quartus_proyects/primer parcial/data path/data_path.vhd
    Info (12022): Found design unit 1: data_path-data_path_arch File: E:/UNICAUCA/VI Semestre/Digitales 2/Quartus_Proyects/Primer Parcial/data path/data_path.vhd Line: 16
    Info (12023): Found entity 1: data_path File: E:/UNICAUCA/VI Semestre/Digitales 2/Quartus_Proyects/Primer Parcial/data path/data_path.vhd Line: 5
Info (12021): Found 2 design units, including 1 entities, in source file cpu.vhd
    Info (12022): Found design unit 1: cpu-cpu_arch File: E:/UNICAUCA/VI Semestre/Digitales 2/Quartus_Proyects/Primer Parcial/CPU/cpu.vhd Line: 14
    Info (12023): Found entity 1: cpu File: E:/UNICAUCA/VI Semestre/Digitales 2/Quartus_Proyects/Primer Parcial/CPU/cpu.vhd Line: 5
Info (12127): Elaborating entity "cpu" for the top level hierarchy
Info (12128): Elaborating entity "control_unit" for hierarchy "control_unit:control" File: E:/UNICAUCA/VI Semestre/Digitales 2/Quartus_Proyects/Primer Parcial/CPU/cpu.vhd Line: 53
Warning (10492): VHDL Process Statement warning at control_unit.vhd(183): signal "IR" is read inside the Process Statement but isn't in the Process Statement's sensitivity list File: E:/UNICAUCA/VI Semestre/Digitales 2/Quartus_Proyects/Primer Parcial/Control Unit/control_unit.vhd Line: 183
Warning (10492): VHDL Process Statement warning at control_unit.vhd(196): signal "IR" is read inside the Process Statement but isn't in the Process Statement's sensitivity list File: E:/UNICAUCA/VI Semestre/Digitales 2/Quartus_Proyects/Primer Parcial/Control Unit/control_unit.vhd Line: 196
Warning (10492): VHDL Process Statement warning at control_unit.vhd(209): signal "IR" is read inside the Process Statement but isn't in the Process Statement's sensitivity list File: E:/UNICAUCA/VI Semestre/Digitales 2/Quartus_Proyects/Primer Parcial/Control Unit/control_unit.vhd Line: 209
Warning (10492): VHDL Process Statement warning at control_unit.vhd(222): signal "IR" is read inside the Process Statement but isn't in the Process Statement's sensitivity list File: E:/UNICAUCA/VI Semestre/Digitales 2/Quartus_Proyects/Primer Parcial/Control Unit/control_unit.vhd Line: 222
Warning (10492): VHDL Process Statement warning at control_unit.vhd(235): signal "IR" is read inside the Process Statement but isn't in the Process Statement's sensitivity list File: E:/UNICAUCA/VI Semestre/Digitales 2/Quartus_Proyects/Primer Parcial/Control Unit/control_unit.vhd Line: 235
Warning (10492): VHDL Process Statement warning at control_unit.vhd(248): signal "IR" is read inside the Process Statement but isn't in the Process Statement's sensitivity list File: E:/UNICAUCA/VI Semestre/Digitales 2/Quartus_Proyects/Primer Parcial/Control Unit/control_unit.vhd Line: 248
Warning (10492): VHDL Process Statement warning at control_unit.vhd(248): signal "CCR_Result" is read inside the Process Statement but isn't in the Process Statement's sensitivity list File: E:/UNICAUCA/VI Semestre/Digitales 2/Quartus_Proyects/Primer Parcial/Control Unit/control_unit.vhd Line: 248
Warning (10492): VHDL Process Statement warning at control_unit.vhd(261): signal "IR" is read inside the Process Statement but isn't in the Process Statement's sensitivity list File: E:/UNICAUCA/VI Semestre/Digitales 2/Quartus_Proyects/Primer Parcial/Control Unit/control_unit.vhd Line: 261
Warning (10492): VHDL Process Statement warning at control_unit.vhd(261): signal "CCR_Result" is read inside the Process Statement but isn't in the Process Statement's sensitivity list File: E:/UNICAUCA/VI Semestre/Digitales 2/Quartus_Proyects/Primer Parcial/Control Unit/control_unit.vhd Line: 261
Warning (10631): VHDL Process Statement warning at control_unit.vhd(140): inferring latch(es) for signal or variable "IR_Load", which holds its previous value in one or more paths through the process File: E:/UNICAUCA/VI Semestre/Digitales 2/Quartus_Proyects/Primer Parcial/Control Unit/control_unit.vhd Line: 140
Warning (10631): VHDL Process Statement warning at control_unit.vhd(140): inferring latch(es) for signal or variable "MAR_Load", which holds its previous value in one or more paths through the process File: E:/UNICAUCA/VI Semestre/Digitales 2/Quartus_Proyects/Primer Parcial/Control Unit/control_unit.vhd Line: 140
Warning (10631): VHDL Process Statement warning at control_unit.vhd(140): inferring latch(es) for signal or variable "PC_Load", which holds its previous value in one or more paths through the process File: E:/UNICAUCA/VI Semestre/Digitales 2/Quartus_Proyects/Primer Parcial/Control Unit/control_unit.vhd Line: 140
Warning (10631): VHDL Process Statement warning at control_unit.vhd(140): inferring latch(es) for signal or variable "PC_Inc", which holds its previous value in one or more paths through the process File: E:/UNICAUCA/VI Semestre/Digitales 2/Quartus_Proyects/Primer Parcial/Control Unit/control_unit.vhd Line: 140
Warning (10631): VHDL Process Statement warning at control_unit.vhd(140): inferring latch(es) for signal or variable "A_Load", which holds its previous value in one or more paths through the process File: E:/UNICAUCA/VI Semestre/Digitales 2/Quartus_Proyects/Primer Parcial/Control Unit/control_unit.vhd Line: 140
Warning (10631): VHDL Process Statement warning at control_unit.vhd(140): inferring latch(es) for signal or variable "B_Load", which holds its previous value in one or more paths through the process File: E:/UNICAUCA/VI Semestre/Digitales 2/Quartus_Proyects/Primer Parcial/Control Unit/control_unit.vhd Line: 140
Warning (10631): VHDL Process Statement warning at control_unit.vhd(140): inferring latch(es) for signal or variable "ALU_Sel", which holds its previous value in one or more paths through the process File: E:/UNICAUCA/VI Semestre/Digitales 2/Quartus_Proyects/Primer Parcial/Control Unit/control_unit.vhd Line: 140
Warning (10631): VHDL Process Statement warning at control_unit.vhd(140): inferring latch(es) for signal or variable "CCR_Load", which holds its previous value in one or more paths through the process File: E:/UNICAUCA/VI Semestre/Digitales 2/Quartus_Proyects/Primer Parcial/Control Unit/control_unit.vhd Line: 140
Warning (10631): VHDL Process Statement warning at control_unit.vhd(140): inferring latch(es) for signal or variable "Bus1_Sel", which holds its previous value in one or more paths through the process File: E:/UNICAUCA/VI Semestre/Digitales 2/Quartus_Proyects/Primer Parcial/Control Unit/control_unit.vhd Line: 140
Warning (10631): VHDL Process Statement warning at control_unit.vhd(140): inferring latch(es) for signal or variable "Bus2_Sel", which holds its previous value in one or more paths through the process File: E:/UNICAUCA/VI Semestre/Digitales 2/Quartus_Proyects/Primer Parcial/Control Unit/control_unit.vhd Line: 140
Warning (10631): VHDL Process Statement warning at control_unit.vhd(140): inferring latch(es) for signal or variable "writen", which holds its previous value in one or more paths through the process File: E:/UNICAUCA/VI Semestre/Digitales 2/Quartus_Proyects/Primer Parcial/Control Unit/control_unit.vhd Line: 140
Info (10041): Inferred latch for "writen" at control_unit.vhd(140) File: E:/UNICAUCA/VI Semestre/Digitales 2/Quartus_Proyects/Primer Parcial/Control Unit/control_unit.vhd Line: 140
Info (10041): Inferred latch for "Bus2_Sel[0]" at control_unit.vhd(140) File: E:/UNICAUCA/VI Semestre/Digitales 2/Quartus_Proyects/Primer Parcial/Control Unit/control_unit.vhd Line: 140
Info (10041): Inferred latch for "Bus2_Sel[1]" at control_unit.vhd(140) File: E:/UNICAUCA/VI Semestre/Digitales 2/Quartus_Proyects/Primer Parcial/Control Unit/control_unit.vhd Line: 140
Info (10041): Inferred latch for "Bus1_Sel[0]" at control_unit.vhd(140) File: E:/UNICAUCA/VI Semestre/Digitales 2/Quartus_Proyects/Primer Parcial/Control Unit/control_unit.vhd Line: 140
Info (10041): Inferred latch for "Bus1_Sel[1]" at control_unit.vhd(140) File: E:/UNICAUCA/VI Semestre/Digitales 2/Quartus_Proyects/Primer Parcial/Control Unit/control_unit.vhd Line: 140
Info (10041): Inferred latch for "CCR_Load" at control_unit.vhd(140) File: E:/UNICAUCA/VI Semestre/Digitales 2/Quartus_Proyects/Primer Parcial/Control Unit/control_unit.vhd Line: 140
Info (10041): Inferred latch for "ALU_Sel[0]" at control_unit.vhd(140) File: E:/UNICAUCA/VI Semestre/Digitales 2/Quartus_Proyects/Primer Parcial/Control Unit/control_unit.vhd Line: 140
Info (10041): Inferred latch for "ALU_Sel[1]" at control_unit.vhd(140) File: E:/UNICAUCA/VI Semestre/Digitales 2/Quartus_Proyects/Primer Parcial/Control Unit/control_unit.vhd Line: 140
Info (10041): Inferred latch for "ALU_Sel[2]" at control_unit.vhd(140) File: E:/UNICAUCA/VI Semestre/Digitales 2/Quartus_Proyects/Primer Parcial/Control Unit/control_unit.vhd Line: 140
Info (10041): Inferred latch for "B_Load" at control_unit.vhd(140) File: E:/UNICAUCA/VI Semestre/Digitales 2/Quartus_Proyects/Primer Parcial/Control Unit/control_unit.vhd Line: 140
Info (10041): Inferred latch for "A_Load" at control_unit.vhd(140) File: E:/UNICAUCA/VI Semestre/Digitales 2/Quartus_Proyects/Primer Parcial/Control Unit/control_unit.vhd Line: 140
Info (10041): Inferred latch for "PC_Inc" at control_unit.vhd(140) File: E:/UNICAUCA/VI Semestre/Digitales 2/Quartus_Proyects/Primer Parcial/Control Unit/control_unit.vhd Line: 140
Info (10041): Inferred latch for "PC_Load" at control_unit.vhd(140) File: E:/UNICAUCA/VI Semestre/Digitales 2/Quartus_Proyects/Primer Parcial/Control Unit/control_unit.vhd Line: 140
Info (10041): Inferred latch for "MAR_Load" at control_unit.vhd(140) File: E:/UNICAUCA/VI Semestre/Digitales 2/Quartus_Proyects/Primer Parcial/Control Unit/control_unit.vhd Line: 140
Info (10041): Inferred latch for "IR_Load" at control_unit.vhd(140) File: E:/UNICAUCA/VI Semestre/Digitales 2/Quartus_Proyects/Primer Parcial/Control Unit/control_unit.vhd Line: 140
Info (12128): Elaborating entity "data_path" for hierarchy "data_path:data" File: E:/UNICAUCA/VI Semestre/Digitales 2/Quartus_Proyects/Primer Parcial/CPU/cpu.vhd Line: 57
Info (12128): Elaborating entity "alu" for hierarchy "data_path:data|alu:A0" File: E:/UNICAUCA/VI Semestre/Digitales 2/Quartus_Proyects/Primer Parcial/data path/data_path.vhd Line: 36
Warning (10631): VHDL Process Statement warning at alu.vhd(17): inferring latch(es) for signal or variable "ALU_Result", which holds its previous value in one or more paths through the process File: E:/UNICAUCA/VI Semestre/Digitales 2/Quartus_Proyects/Primer Parcial/ALU/alu.vhd Line: 17
Warning (10631): VHDL Process Statement warning at alu.vhd(17): inferring latch(es) for signal or variable "NZVC", which holds its previous value in one or more paths through the process File: E:/UNICAUCA/VI Semestre/Digitales 2/Quartus_Proyects/Primer Parcial/ALU/alu.vhd Line: 17
Info (10041): Inferred latch for "NZVC[0]" at alu.vhd(17) File: E:/UNICAUCA/VI Semestre/Digitales 2/Quartus_Proyects/Primer Parcial/ALU/alu.vhd Line: 17
Info (10041): Inferred latch for "NZVC[1]" at alu.vhd(17) File: E:/UNICAUCA/VI Semestre/Digitales 2/Quartus_Proyects/Primer Parcial/ALU/alu.vhd Line: 17
Info (10041): Inferred latch for "NZVC[2]" at alu.vhd(17) File: E:/UNICAUCA/VI Semestre/Digitales 2/Quartus_Proyects/Primer Parcial/ALU/alu.vhd Line: 17
Info (10041): Inferred latch for "NZVC[3]" at alu.vhd(17) File: E:/UNICAUCA/VI Semestre/Digitales 2/Quartus_Proyects/Primer Parcial/ALU/alu.vhd Line: 17
Info (10041): Inferred latch for "ALU_Result[0]" at alu.vhd(17) File: E:/UNICAUCA/VI Semestre/Digitales 2/Quartus_Proyects/Primer Parcial/ALU/alu.vhd Line: 17
Info (10041): Inferred latch for "ALU_Result[1]" at alu.vhd(17) File: E:/UNICAUCA/VI Semestre/Digitales 2/Quartus_Proyects/Primer Parcial/ALU/alu.vhd Line: 17
Info (10041): Inferred latch for "ALU_Result[2]" at alu.vhd(17) File: E:/UNICAUCA/VI Semestre/Digitales 2/Quartus_Proyects/Primer Parcial/ALU/alu.vhd Line: 17
Info (10041): Inferred latch for "ALU_Result[3]" at alu.vhd(17) File: E:/UNICAUCA/VI Semestre/Digitales 2/Quartus_Proyects/Primer Parcial/ALU/alu.vhd Line: 17
Info (10041): Inferred latch for "ALU_Result[4]" at alu.vhd(17) File: E:/UNICAUCA/VI Semestre/Digitales 2/Quartus_Proyects/Primer Parcial/ALU/alu.vhd Line: 17
Info (10041): Inferred latch for "ALU_Result[5]" at alu.vhd(17) File: E:/UNICAUCA/VI Semestre/Digitales 2/Quartus_Proyects/Primer Parcial/ALU/alu.vhd Line: 17
Info (10041): Inferred latch for "ALU_Result[6]" at alu.vhd(17) File: E:/UNICAUCA/VI Semestre/Digitales 2/Quartus_Proyects/Primer Parcial/ALU/alu.vhd Line: 17
Info (10041): Inferred latch for "ALU_Result[7]" at alu.vhd(17) File: E:/UNICAUCA/VI Semestre/Digitales 2/Quartus_Proyects/Primer Parcial/ALU/alu.vhd Line: 17
Warning (14026): LATCH primitive "data_path:data|alu:A0|ALU_Result[4]" is permanently enabled File: E:/UNICAUCA/VI Semestre/Digitales 2/Quartus_Proyects/Primer Parcial/ALU/alu.vhd Line: 17
Warning (14026): LATCH primitive "data_path:data|alu:A0|ALU_Result[3]" is permanently enabled File: E:/UNICAUCA/VI Semestre/Digitales 2/Quartus_Proyects/Primer Parcial/ALU/alu.vhd Line: 17
Warning (14026): LATCH primitive "data_path:data|alu:A0|ALU_Result[2]" is permanently enabled File: E:/UNICAUCA/VI Semestre/Digitales 2/Quartus_Proyects/Primer Parcial/ALU/alu.vhd Line: 17
Warning (14026): LATCH primitive "data_path:data|alu:A0|ALU_Result[1]" is permanently enabled File: E:/UNICAUCA/VI Semestre/Digitales 2/Quartus_Proyects/Primer Parcial/ALU/alu.vhd Line: 17
Warning (14026): LATCH primitive "data_path:data|alu:A0|ALU_Result[0]" is permanently enabled File: E:/UNICAUCA/VI Semestre/Digitales 2/Quartus_Proyects/Primer Parcial/ALU/alu.vhd Line: 17
Warning (14026): LATCH primitive "data_path:data|alu:A0|NZVC[2]" is permanently enabled File: E:/UNICAUCA/VI Semestre/Digitales 2/Quartus_Proyects/Primer Parcial/ALU/alu.vhd Line: 17
Warning (14026): LATCH primitive "data_path:data|alu:A0|ALU_Result[6]" is permanently enabled File: E:/UNICAUCA/VI Semestre/Digitales 2/Quartus_Proyects/Primer Parcial/ALU/alu.vhd Line: 17
Warning (14026): LATCH primitive "data_path:data|alu:A0|ALU_Result[7]" is permanently enabled File: E:/UNICAUCA/VI Semestre/Digitales 2/Quartus_Proyects/Primer Parcial/ALU/alu.vhd Line: 17
Warning (14026): LATCH primitive "data_path:data|alu:A0|ALU_Result[5]" is permanently enabled File: E:/UNICAUCA/VI Semestre/Digitales 2/Quartus_Proyects/Primer Parcial/ALU/alu.vhd Line: 17
Warning (13012): Latch control_unit:control|Bus1_Sel[0] has unsafe behavior File: E:/UNICAUCA/VI Semestre/Digitales 2/Quartus_Proyects/Primer Parcial/Control Unit/control_unit.vhd Line: 140
    Warning (13013): Ports D and ENA on the latch are fed by the same signal control_unit:control|current_state.S_DECODE_3 File: E:/UNICAUCA/VI Semestre/Digitales 2/Quartus_Proyects/Primer Parcial/Control Unit/control_unit.vhd Line: 36
Warning (13012): Latch control_unit:control|Bus2_Sel[0] has unsafe behavior File: E:/UNICAUCA/VI Semestre/Digitales 2/Quartus_Proyects/Primer Parcial/Control Unit/control_unit.vhd Line: 140
    Warning (13013): Ports D and ENA on the latch are fed by the same signal control_unit:control|current_state.S_DECODE_3 File: E:/UNICAUCA/VI Semestre/Digitales 2/Quartus_Proyects/Primer Parcial/Control Unit/control_unit.vhd Line: 36
Warning (13012): Latch control_unit:control|PC_Inc has unsafe behavior File: E:/UNICAUCA/VI Semestre/Digitales 2/Quartus_Proyects/Primer Parcial/Control Unit/control_unit.vhd Line: 10
    Warning (13013): Ports D and ENA on the latch are fed by the same signal control_unit:control|current_state.S_DECODE_3 File: E:/UNICAUCA/VI Semestre/Digitales 2/Quartus_Proyects/Primer Parcial/Control Unit/control_unit.vhd Line: 36
Warning (13012): Latch control_unit:control|A_Load has unsafe behavior File: E:/UNICAUCA/VI Semestre/Digitales 2/Quartus_Proyects/Primer Parcial/Control Unit/control_unit.vhd Line: 10
    Warning (13013): Ports D and ENA on the latch are fed by the same signal control_unit:control|current_state.S_DECODE_3 File: E:/UNICAUCA/VI Semestre/Digitales 2/Quartus_Proyects/Primer Parcial/Control Unit/control_unit.vhd Line: 36
Warning (13012): Latch control_unit:control|MAR_Load has unsafe behavior File: E:/UNICAUCA/VI Semestre/Digitales 2/Quartus_Proyects/Primer Parcial/Control Unit/control_unit.vhd Line: 10
    Warning (13013): Ports D and ENA on the latch are fed by the same signal control_unit:control|current_state.S_DECODE_3 File: E:/UNICAUCA/VI Semestre/Digitales 2/Quartus_Proyects/Primer Parcial/Control Unit/control_unit.vhd Line: 36
Info (286030): Timing-Driven Synthesis is running
Info (17049): 7 registers lost all their fanouts during netlist optimizations.
Info (16010): Generating hard_block partition "hard_block:auto_generated_inst"
    Info (16011): Adding 0 node(s), including 0 DDIO, 0 PLL, 0 transceiver and 0 LCELL
Info (21057): Implemented 133 device resources after synthesis - the final resource count might be different
    Info (21058): Implemented 10 input pins
    Info (21059): Implemented 17 output pins
    Info (21061): Implemented 106 logic cells
Info: Quartus Prime Analysis & Synthesis was successful. 0 errors, 42 warnings
    Info: Peak virtual memory: 4857 megabytes
    Info: Processing ended: Fri Jan 21 15:58:47 2022
    Info: Elapsed time: 00:00:30
    Info: Total CPU time (on all processors): 00:00:47


