Assembler report for control_unit
Fri Jan 21 15:44:37 2022
Quartus Prime Version 18.0.0 Build 614 04/24/2018 SJ Lite Edition


---------------------
; Table of Contents ;
---------------------
  1. Legal Notice
  2. Assembler Summary
  3. Assembler Settings
  4. Assembler Generated Files
  5. Assembler Device Options: E:/UNICAUCA/VI Semestre/Digitales 2/Quartus_Proyects/Primer Parcial/Control Unit/output_files/control_unit.sof
  6. Assembler Messages



----------------
; Legal Notice ;
----------------
Copyright (C) 2018  Intel Corporation. All rights reserved.
Your use of Intel Corporation's design tools, logic functions 
and other software and tools, and its AMPP partner logic 
functions, and any output files from any of the foregoing 
(including device programming or simulation files), and any 
associated documentation or information are expressly subject 
to the terms and conditions of the Intel Program License 
Subscription Agreement, the Intel Quartus Prime License Agreement,
the Intel FPGA IP License Agreement, or other applicable license
agreement, including, without limitation, that your use is for
the sole purpose of programming logic devices manufactured by
Intel and sold by Intel or its authorized distributors.  Please
refer to the applicable agreement for further details.



+---------------------------------------------------------------+
; Assembler Summary                                             ;
+-----------------------+---------------------------------------+
; Assembler Status      ; Successful - Fri Jan 21 15:44:37 2022 ;
; Revision Name         ; control_unit                          ;
; Top-level Entity Name ; control_unit                          ;
; Family                ; Cyclone V                             ;
; Device                ; 5CGXFC7D6F31C6                        ;
+-----------------------+---------------------------------------+


+----------------------------------+
; Assembler Settings               ;
+--------+---------+---------------+
; Option ; Setting ; Default Value ;
+--------+---------+---------------+


+----------------------------------------------------------------------------------------------------------------+
; Assembler Generated Files                                                                                      ;
+----------------------------------------------------------------------------------------------------------------+
; File Name                                                                                                      ;
+----------------------------------------------------------------------------------------------------------------+
; E:/UNICAUCA/VI Semestre/Digitales 2/Quartus_Proyects/Primer Parcial/Control Unit/output_files/control_unit.sof ;
+----------------------------------------------------------------------------------------------------------------+


+------------------------------------------------------------------------------------------------------------------------------------------+
; Assembler Device Options: E:/UNICAUCA/VI Semestre/Digitales 2/Quartus_Proyects/Primer Parcial/Control Unit/output_files/control_unit.sof ;
+----------------+-------------------------------------------------------------------------------------------------------------------------+
; Option         ; Setting                                                                                                                 ;
+----------------+-------------------------------------------------------------------------------------------------------------------------+
; JTAG usercode  ; 0x00EBECDD                                                                                                              ;
; Checksum       ; 0x00EBECDD                                                                                                              ;
+----------------+-------------------------------------------------------------------------------------------------------------------------+


+--------------------+
; Assembler Messages ;
+--------------------+
Info: *******************************************************************
Info: Running Quartus Prime Assembler
    Info: Version 18.0.0 Build 614 04/24/2018 SJ Lite Edition
    Info: Processing started: Fri Jan 21 15:44:23 2022
Info: Command: quartus_asm --read_settings_files=off --write_settings_files=off control_unit -c control_unit
Warning (18236): Number of processors has not been specified which may cause overloading on shared machines.  Set the global assignment NUM_PARALLEL_PROCESSORS in your QSF to an appropriate value for best performance.
Info (115030): Assembler is generating device programming files
Info: Quartus Prime Assembler was successful. 0 errors, 1 warning
    Info: Peak virtual memory: 4825 megabytes
    Info: Processing ended: Fri Jan 21 15:44:37 2022
    Info: Elapsed time: 00:00:14
    Info: Total CPU time (on all processors): 00:00:11


